2019-10-19 13:13:28,859 INFO com.cg.hotelmanagement.HotelManagementApplication [restartedMain] Starting HotelManagementApplication on CSE1505022 with PID 13472 (C:\Users\kiit1\Documents\GitHub\Hotel-Management-System\Sprint6\REST\Sprint5_Restful\HotelManagement\target\classes started by 1505022 in C:\Users\kiit1\Documents\GitHub\Hotel-Management-System\Sprint6\REST\Sprint5_Restful\HotelManagement)
2019-10-19 13:13:28,906 DEBUG com.cg.hotelmanagement.HotelManagementApplication [restartedMain] Running with Spring Boot v2.1.9.RELEASE, Spring v5.1.10.RELEASE
2019-10-19 13:13:28,906 INFO com.cg.hotelmanagement.HotelManagementApplication [restartedMain] The following profiles are active: production
2019-10-19 13:13:34,438 INFO com.cg.hotelmanagement.HotelManagementApplication [restartedMain] Started HotelManagementApplication in 6.233 seconds (JVM running for 7.296)
2019-10-19 13:14:56,115 INFO com.cg.hotelmanagement.HotelManagementApplication [restartedMain] Starting HotelManagementApplication on CSE1505022 with PID 13472 (C:\Users\kiit1\Documents\GitHub\Hotel-Management-System\Sprint6\REST\Sprint5_Restful\HotelManagement\target\classes started by 1505022 in C:\Users\kiit1\Documents\GitHub\Hotel-Management-System\Sprint6\REST\Sprint5_Restful\HotelManagement)
2019-10-19 13:14:56,115 DEBUG com.cg.hotelmanagement.HotelManagementApplication [restartedMain] Running with Spring Boot v2.1.9.RELEASE, Spring v5.1.10.RELEASE
2019-10-19 13:14:56,115 INFO com.cg.hotelmanagement.HotelManagementApplication [restartedMain] The following profiles are active: production
2019-10-19 13:14:57,782 INFO com.cg.hotelmanagement.HotelManagementApplication [restartedMain] Started HotelManagementApplication in 1.744 seconds (JVM running for 90.644)
2019-10-19 13:15:04,949 ERROR org.hibernate.engine.jdbc.spi.SqlExceptionHelper [http-nio-9087-exec-2] Zero date value prohibited
2019-10-19 13:16:32,770 INFO com.cg.hotelmanagement.HotelManagementApplication [restartedMain] Starting HotelManagementApplication on CSE1505022 with PID 13472 (C:\Users\kiit1\Documents\GitHub\Hotel-Management-System\Sprint6\REST\Sprint5_Restful\HotelManagement\target\classes started by 1505022 in C:\Users\kiit1\Documents\GitHub\Hotel-Management-System\Sprint6\REST\Sprint5_Restful\HotelManagement)
2019-10-19 13:16:32,770 DEBUG com.cg.hotelmanagement.HotelManagementApplication [restartedMain] Running with Spring Boot v2.1.9.RELEASE, Spring v5.1.10.RELEASE
2019-10-19 13:16:32,770 INFO com.cg.hotelmanagement.HotelManagementApplication [restartedMain] The following profiles are active: production
2019-10-19 13:16:33,918 INFO com.cg.hotelmanagement.HotelManagementApplication [restartedMain] Started HotelManagementApplication in 1.193 seconds (JVM running for 186.79)
2019-10-19 14:19:57,579 INFO com.cg.hotelmanagement.HotelManagementApplication [restartedMain] Starting HotelManagementApplication on CSE1505022 with PID 13972 (C:\Users\kiit1\Documents\GitHub\Hotel-Management-System\Sprint6\REST\Sprint5_Restful\HotelManagement\target\classes started by 1505022 in C:\Users\kiit1\Documents\GitHub\Hotel-Management-System\Sprint6\REST\Sprint5_Restful\HotelManagement)
2019-10-19 14:19:57,579 DEBUG com.cg.hotelmanagement.HotelManagementApplication [restartedMain] Running with Spring Boot v2.1.9.RELEASE, Spring v5.1.10.RELEASE
2019-10-19 14:19:57,579 INFO com.cg.hotelmanagement.HotelManagementApplication [restartedMain] The following profiles are active: production
2019-10-19 14:20:01,012 ERROR org.hibernate.engine.jdbc.spi.SqlExceptionHelper [restartedMain] Table 'C:\WINDOWS\TEMP\#sqlc14_2c_2' is read only
2019-10-19 14:20:01,044 ERROR org.springframework.boot.SpringApplication [restartedMain] Application run failed
org.springframework.beans.factory.BeanCreationException: Error creating bean with name 'entityManagerFactory' defined in class path resource [org/springframework/boot/autoconfigure/orm/jpa/HibernateJpaConfiguration.class]: Invocation of init method failed; nested exception is javax.persistence.PersistenceException: [PersistenceUnit: default] Unable to build Hibernate SessionFactory; nested exception is org.hibernate.exception.GenericJDBCException: Error accessing tables metadata
	at org.springframework.beans.factory.support.AbstractAutowireCapableBeanFactory.initializeBean(AbstractAutowireCapableBeanFactory.java:1778)
	at org.springframework.beans.factory.support.AbstractAutowireCapableBeanFactory.doCreateBean(AbstractAutowireCapableBeanFactory.java:593)
	at org.springframework.beans.factory.support.AbstractAutowireCapableBeanFactory.createBean(AbstractAutowireCapableBeanFactory.java:515)
	at org.springframework.beans.factory.support.AbstractBeanFactory.lambda$doGetBean$0(AbstractBeanFactory.java:320)
	at org.springframework.beans.factory.support.DefaultSingletonBeanRegistry.getSingleton(DefaultSingletonBeanRegistry.java:222)
	at org.springframework.beans.factory.support.AbstractBeanFactory.doGetBean(AbstractBeanFactory.java:318)
	at org.springframework.beans.factory.support.AbstractBeanFactory.getBean(AbstractBeanFactory.java:199)
	at org.springframework.context.support.AbstractApplicationContext.getBean(AbstractApplicationContext.java:1105)
	at org.springframework.context.support.AbstractApplicationContext.finishBeanFactoryInitialization(AbstractApplicationContext.java:867)
	at org.springframework.context.support.AbstractApplicationContext.refresh(AbstractApplicationContext.java:549)
	at org.springframework.boot.web.servlet.context.ServletWebServerApplicationContext.refresh(ServletWebServerApplicationContext.java:141)
	at org.springframework.boot.SpringApplication.refresh(SpringApplication.java:744)
	at org.springframework.boot.SpringApplication.refreshContext(SpringApplication.java:391)
	at org.springframework.boot.SpringApplication.run(SpringApplication.java:312)
	at org.springframework.boot.SpringApplication.run(SpringApplication.java:1215)
	at org.springframework.boot.SpringApplication.run(SpringApplication.java:1204)
	at com.cg.hotelmanagement.HotelManagementApplication.main(HotelManagementApplication.java:10)
	at sun.reflect.NativeMethodAccessorImpl.invoke0(Native Method)
	at sun.reflect.NativeMethodAccessorImpl.invoke(Unknown Source)
	at sun.reflect.DelegatingMethodAccessorImpl.invoke(Unknown Source)
	at java.lang.reflect.Method.invoke(Unknown Source)
	at org.springframework.boot.devtools.restart.RestartLauncher.run(RestartLauncher.java:49)
Caused by: javax.persistence.PersistenceException: [PersistenceUnit: default] Unable to build Hibernate SessionFactory; nested exception is org.hibernate.exception.GenericJDBCException: Error accessing tables metadata
	at org.springframework.orm.jpa.AbstractEntityManagerFactoryBean.buildNativeEntityManagerFactory(AbstractEntityManagerFactoryBean.java:403)
	at org.springframework.orm.jpa.AbstractEntityManagerFactoryBean.afterPropertiesSet(AbstractEntityManagerFactoryBean.java:378)
	at org.springframework.orm.jpa.LocalContainerEntityManagerFactoryBean.afterPropertiesSet(LocalContainerEntityManagerFactoryBean.java:341)
	at org.springframework.beans.factory.support.AbstractAutowireCapableBeanFactory.invokeInitMethods(AbstractAutowireCapableBeanFactory.java:1837)
	at org.springframework.beans.factory.support.AbstractAutowireCapableBeanFactory.initializeBean(AbstractAutowireCapableBeanFactory.java:1774)
	... 21 common frames omitted
Caused by: org.hibernate.exception.GenericJDBCException: Error accessing tables metadata
	at org.hibernate.exception.internal.StandardSQLExceptionConverter.convert(StandardSQLExceptionConverter.java:47)
	at org.hibernate.engine.jdbc.spi.SqlExceptionHelper.convert(SqlExceptionHelper.java:113)
	at org.hibernate.engine.jdbc.spi.SqlExceptionHelper.convert(SqlExceptionHelper.java:99)
	at org.hibernate.tool.schema.extract.internal.InformationExtractorJdbcDatabaseMetaDataImpl.convertSQLException(InformationExtractorJdbcDatabaseMetaDataImpl.java:98)
	at org.hibernate.tool.schema.extract.internal.InformationExtractorJdbcDatabaseMetaDataImpl.populateTablesWithColumns(InformationExtractorJdbcDatabaseMetaDataImpl.java:383)
	at org.hibernate.tool.schema.extract.internal.InformationExtractorJdbcDatabaseMetaDataImpl.getTables(InformationExtractorJdbcDatabaseMetaDataImpl.java:337)
	at org.hibernate.tool.schema.extract.internal.DatabaseInformationImpl.getTablesInformation(DatabaseInformationImpl.java:120)
	at org.hibernate.tool.schema.internal.GroupedSchemaMigratorImpl.performTablesMigration(GroupedSchemaMigratorImpl.java:65)
	at org.hibernate.tool.schema.internal.AbstractSchemaMigrator.performMigration(AbstractSchemaMigrator.java:207)
	at org.hibernate.tool.schema.internal.AbstractSchemaMigrator.doMigration(AbstractSchemaMigrator.java:114)
	at org.hibernate.tool.schema.spi.SchemaManagementToolCoordinator.performDatabaseAction(SchemaManagementToolCoordinator.java:183)
	at org.hibernate.tool.schema.spi.SchemaManagementToolCoordinator.process(SchemaManagementToolCoordinator.java:72)
	at org.hibernate.internal.SessionFactoryImpl.<init>(SessionFactoryImpl.java:310)
	at org.hibernate.boot.internal.SessionFactoryBuilderImpl.build(SessionFactoryBuilderImpl.java:467)
	at org.hibernate.jpa.boot.internal.EntityManagerFactoryBuilderImpl.build(EntityManagerFactoryBuilderImpl.java:939)
	at org.springframework.orm.jpa.vendor.SpringHibernateJpaPersistenceProvider.createContainerEntityManagerFactory(SpringHibernateJpaPersistenceProvider.java:58)
	at org.springframework.orm.jpa.LocalContainerEntityManagerFactoryBean.createNativeEntityManagerFactory(LocalContainerEntityManagerFactoryBean.java:365)
	at org.springframework.orm.jpa.AbstractEntityManagerFactoryBean.buildNativeEntityManagerFactory(AbstractEntityManagerFactoryBean.java:391)
	... 25 common frames omitted
Caused by: java.sql.SQLException: Table 'C:\WINDOWS\TEMP\#sqlc14_2c_2' is read only
	at com.mysql.cj.jdbc.exceptions.SQLError.createSQLException(SQLError.java:129)
	at com.mysql.cj.jdbc.exceptions.SQLError.createSQLException(SQLError.java:97)
	at com.mysql.cj.jdbc.exceptions.SQLExceptionsMapping.translateException(SQLExceptionsMapping.java:122)
	at com.mysql.cj.jdbc.StatementImpl.executeQuery(StatementImpl.java:1200)
	at com.mysql.cj.jdbc.DatabaseMetaData$2.forEach(DatabaseMetaData.java:2124)
	at com.mysql.cj.jdbc.DatabaseMetaData$2.forEach(DatabaseMetaData.java:2053)
	at com.mysql.cj.jdbc.IterateBlock.doForAll(IterateBlock.java:56)
	at com.mysql.cj.jdbc.DatabaseMetaData.getColumns(DatabaseMetaData.java:2229)
	at org.hibernate.tool.schema.extract.internal.InformationExtractorJdbcDatabaseMetaDataImpl.populateTablesWithColumns(InformationExtractorJdbcDatabaseMetaDataImpl.java:350)
	... 38 common frames omitted
2019-10-19 14:24:50,197 INFO com.cg.hotelmanagement.HotelManagementApplication [restartedMain] Starting HotelManagementApplication on CSE1505022 with PID 1592 (C:\Users\kiit1\Documents\GitHub\Hotel-Management-System\Sprint6\REST\Sprint5_Restful\HotelManagement\target\classes started by 1505022 in C:\Users\kiit1\Documents\GitHub\Hotel-Management-System\Sprint6\REST\Sprint5_Restful\HotelManagement)
2019-10-19 14:24:50,201 DEBUG com.cg.hotelmanagement.HotelManagementApplication [restartedMain] Running with Spring Boot v2.1.9.RELEASE, Spring v5.1.10.RELEASE
2019-10-19 14:24:50,201 INFO com.cg.hotelmanagement.HotelManagementApplication [restartedMain] The following profiles are active: production
2019-10-19 14:24:54,692 INFO com.cg.hotelmanagement.HotelManagementApplication [restartedMain] Started HotelManagementApplication in 5.035 seconds (JVM running for 5.966)
2019-10-19 14:27:15,192 INFO com.cg.hotelmanagement.HotelManagementApplication [restartedMain] Starting HotelManagementApplication on CSE1505022 with PID 1592 (C:\Users\kiit1\Documents\GitHub\Hotel-Management-System\Sprint6\REST\Sprint5_Restful\HotelManagement\target\classes started by 1505022 in C:\Users\kiit1\Documents\GitHub\Hotel-Management-System\Sprint6\REST\Sprint5_Restful\HotelManagement)
2019-10-19 14:27:15,192 DEBUG com.cg.hotelmanagement.HotelManagementApplication [restartedMain] Running with Spring Boot v2.1.9.RELEASE, Spring v5.1.10.RELEASE
2019-10-19 14:27:15,192 INFO com.cg.hotelmanagement.HotelManagementApplication [restartedMain] The following profiles are active: production
2019-10-19 14:27:16,742 INFO com.cg.hotelmanagement.HotelManagementApplication [restartedMain] Started HotelManagementApplication in 1.611 seconds (JVM running for 148.015)
2019-10-19 14:30:20,677 INFO com.cg.hotelmanagement.HotelManagementApplication [restartedMain] Starting HotelManagementApplication on CSE1505022 with PID 1592 (C:\Users\kiit1\Documents\GitHub\Hotel-Management-System\Sprint6\REST\Sprint5_Restful\HotelManagement\target\classes started by 1505022 in C:\Users\kiit1\Documents\GitHub\Hotel-Management-System\Sprint6\REST\Sprint5_Restful\HotelManagement)
2019-10-19 14:30:20,677 DEBUG com.cg.hotelmanagement.HotelManagementApplication [restartedMain] Running with Spring Boot v2.1.9.RELEASE, Spring v5.1.10.RELEASE
2019-10-19 14:30:20,677 INFO com.cg.hotelmanagement.HotelManagementApplication [restartedMain] The following profiles are active: production
2019-10-19 14:30:22,474 INFO com.cg.hotelmanagement.HotelManagementApplication [restartedMain] Started HotelManagementApplication in 1.841 seconds (JVM running for 333.748)
2019-10-19 14:57:09,410 INFO com.cg.hotelmanagement.HotelManagementApplication [restartedMain] Starting HotelManagementApplication on CSE1505022 with PID 4564 (C:\Users\kiit1\Documents\GitHub\Hotel-Management-System\Sprint6\REST\Sprint5_Restful\HotelManagement\target\classes started by 1505022 in C:\Users\kiit1\Documents\GitHub\Hotel-Management-System\Sprint6\REST\Sprint5_Restful\HotelManagement)
2019-10-19 14:57:09,410 DEBUG com.cg.hotelmanagement.HotelManagementApplication [restartedMain] Running with Spring Boot v2.1.9.RELEASE, Spring v5.1.10.RELEASE
2019-10-19 14:57:09,410 INFO com.cg.hotelmanagement.HotelManagementApplication [restartedMain] The following profiles are active: production
2019-10-19 14:57:14,551 INFO com.cg.hotelmanagement.HotelManagementApplication [restartedMain] Started HotelManagementApplication in 5.795 seconds (JVM running for 6.673)
2019-10-19 15:07:58,045 INFO com.cg.hotelmanagement.HotelManagementApplication [restartedMain] Starting HotelManagementApplication on CSE1505022 with PID 4564 (C:\Users\kiit1\Documents\GitHub\Hotel-Management-System\Sprint6\REST\Sprint5_Restful\HotelManagement\target\classes started by 1505022 in C:\Users\kiit1\Documents\GitHub\Hotel-Management-System\Sprint6\REST\Sprint5_Restful\HotelManagement)
2019-10-19 15:07:58,045 DEBUG com.cg.hotelmanagement.HotelManagementApplication [restartedMain] Running with Spring Boot v2.1.9.RELEASE, Spring v5.1.10.RELEASE
2019-10-19 15:07:58,045 INFO com.cg.hotelmanagement.HotelManagementApplication [restartedMain] The following profiles are active: production
2019-10-19 15:07:59,642 INFO com.cg.hotelmanagement.HotelManagementApplication [restartedMain] Started HotelManagementApplication in 1.643 seconds (JVM running for 651.765)
2019-10-19 15:08:05,912 INFO com.cg.hotelmanagement.HotelManagementApplication [restartedMain] Starting HotelManagementApplication on CSE1505022 with PID 4564 (C:\Users\kiit1\Documents\GitHub\Hotel-Management-System\Sprint6\REST\Sprint5_Restful\HotelManagement\target\classes started by 1505022 in C:\Users\kiit1\Documents\GitHub\Hotel-Management-System\Sprint6\REST\Sprint5_Restful\HotelManagement)
2019-10-19 15:08:05,912 DEBUG com.cg.hotelmanagement.HotelManagementApplication [restartedMain] Running with Spring Boot v2.1.9.RELEASE, Spring v5.1.10.RELEASE
2019-10-19 15:08:05,912 INFO com.cg.hotelmanagement.HotelManagementApplication [restartedMain] The following profiles are active: production
2019-10-19 15:08:07,075 INFO com.cg.hotelmanagement.HotelManagementApplication [restartedMain] Started HotelManagementApplication in 1.214 seconds (JVM running for 659.197)
2019-10-19 15:13:18,808 INFO com.cg.hotelmanagement.HotelManagementApplication [restartedMain] Starting HotelManagementApplication on CSE1505022 with PID 11720 (C:\Users\kiit1\Documents\GitHub\Hotel-Management-System\Sprint6\REST\Sprint5_Restful\HotelManagement\target\classes started by 1505022 in C:\Users\kiit1\Documents\GitHub\Hotel-Management-System\Sprint6\REST\Sprint5_Restful\HotelManagement)
2019-10-19 15:13:18,814 DEBUG com.cg.hotelmanagement.HotelManagementApplication [restartedMain] Running with Spring Boot v2.1.9.RELEASE, Spring v5.1.10.RELEASE
2019-10-19 15:13:18,814 INFO com.cg.hotelmanagement.HotelManagementApplication [restartedMain] The following profiles are active: production
2019-10-19 15:13:23,324 INFO com.cg.hotelmanagement.HotelManagementApplication [restartedMain] Started HotelManagementApplication in 4.984 seconds (JVM running for 5.738)
